Building DAG of jobs...
Using shell: /bin/bash
Provided cores: 16
Rules claiming more threads will be scaled down.
Job counts:
	count	jobs
	1	all
	1	compute_normalization_factors
	1	differential_gene_expression
	1	filter_transcript_counts
	1	gencode_download
	1	gene_counts
	4	jellyfish_count
	4	jellyfish_dump
	1	join_counts
	1	kallisto_index
	4	kallisto_quantif
	1	merge_tags
	1	ref_transcript_count
	1	ref_transcript_dump
	1	sample_conditions
	1	sample_conditions_full
	1	test_diff_counts
	1	transcript_counts
	1	transcript_to_gene_mapping
	28
                ___  __ _                _
               /   \/__\ | ___   _ _ __ | |
              / /\ /_\ | |/ / | | | '_ \| |
             / /_///__ |   <| |_| | |_) | |
            /___,'\__/ |_|\_\\__,_| .__/|_|
                                  |_|

    ***************** PARAMETERS ******************

* General
KMER_LENGTH                   = 31
REF_TRANSCRIPT_MASKING          = DEkupl_result/references/gencode.v24.transcripts.fa.gz
REF_TRANSCRIPT_KALLISTO           = DEkupl_result/references/gencode.v24.transcripts.fa.gz
TRANSCRIPT_TO_GENE_MAPPING    = DEkupl_result/references/transcript_to_gene_mapping.tsv

* K-mer counting
MIN_REC     = 2
MIN_REC_AB  = 5

* Diff analysis
CONDITION_A    = A
CONDITION_B    = B
PVALUE_MAX     = 0.05
LOG2FC_MIN     = 2
DIFF_METHOD    = DESeq2
SEED           = fixed
GENE_DIFF_METH = DESeq2

[Wed Feb 26 12:25:44 2020]
rule gencode_download:
    output: DEkupl_result/references/gencode.v24.transcripts.fa.gz
    jobid: 17


[Wed Feb 26 12:25:44 2020]
rule sample_conditions:
    output: DEkupl_result/metadata/sample_conditions.tsv
    jobid: 5

[Wed Feb 26 12:25:44 2020]
rule jellyfish_count:
    input: data/sample4_1.fastq.gz, data/sample4_2.fastq.gz
    output: DEkupl_result/kmer_counts/sample4.jf
    log: DEkupl_result/Logs/sample4_jellyfishRawCounts_exec_time.log
    jobid: 28
    wildcards: sample=sample4
    threads: 10
    resources: ram=3000

--2020-02-26 12:25:44--  ftp://ftp.ebi.ac.uk/pub/databases/gencode/Gencode_human/release_24/gencode.v24.transcripts.fa.gz
           => « DEkupl_result/references/gencode.v24.transcripts.fa.gz »
Résolution de ftp.ebi.ac.uk (ftp.ebi.ac.uk)… 193.62.193.138
Connexion à ftp.ebi.ac.uk (ftp.ebi.ac.uk)|193.62.193.138|:21… connecté.
Ouverture de session en tant que anonymous… Session établie.
==> SYST ... [33mJob counts:
	count	jobs
	1	jellyfish_count
	1[0m
terminé.    ==> PWD ... [33mJob counts:
	count	jobs
	1	sample_conditions
	1[0m
[Wed Feb 26 12:25:45 2020]
Finished job 5.
1 of 28 steps (4%) done
terminé.
==> TYPE I ... terminé.  ==> CWD (1) /pub/databases/gencode/Gencode_human/release_24 ... terminé.
==> SIZE gencode.v24.transcripts.fa.gz ... 47154586
==> PASV ... terminé.    ==> RETR gencode.v24.transcripts.fa.gz ... terminé.
Taille : 47154586 (45M) (non certifiée)

     0K .......... .......... .......... .......... ..........  0%  621K 74s
    50K .......... .......... .......... .......... ..........  0% 1,26M 55s
   100K .......... .......... .......... .......... ..........  0% 91,1M 37s
   150K .......... .......... .......... .......... ..........  0% 1,29M 36s
   200K .......... .......... .......... .......... ..........  0% 96,5M 29s
   250K .......... .......... .......... .......... ..........  0% 92,8M 24s
   300K .......... .......... .......... .......... ..........  0% 53,3M 21s
   350K .......... .......... .......... .......... ..........  0% 1,54M 22s
   400K .......... .......... .......... .......... ..........  0% 92,9M 19s
   450K .......... .......... .......... .......... ..........  1%  106M 18s
   500K .......... .......... .......... .......... ..........  1% 81,3M 16s
   550K .......... .......... .......... .......... ..........  1% 64,2M 15s
   600K .......... .......... .......... .......... ..........  1% 98,0M 14s
   650K .......... .......... .......... .......... ..........  1% 48,5M 13s
   700K .......... .......... .......... .......... ..........  1% 1,74M 13s
   750K .......... .......... .......... .......... ..........  1%  105M 13s
   800K .......... .......... .......... .......... ..........  1% 56,3M 12s
   850K .......... .......... .......... .......... ..........  1% 88,3M 11s
   900K .......... .......... .......... .......... ..........  2% 28,4M 11s
   950K .......... .......... .......... .......... ..........  2%  112M 10s
  1000K .......... .......... .......... .......... ..........  2% 98,6M 10s
  1050K .......... .......... .......... .......... ..........  2% 81,3M 9s
  1100K .......... .......... .......... .......... ..........  2% 1,95M 10s
  1150K .......... .......... .......... .......... ..........  2% 48,0M 10s
  1200K .......... .......... .......... .......... ..........  2% 28,8M 9s
  1250K .......... .......... .......... .......... ..........  2% 42,3M 9s
  1300K .......... .......... .......... .......... ..........  2% 25,1M 9s
  1350K .......... .......... .......... .......... ..........  3% 47,9M 8s
  1400K .......... .......... .......... .......... ..........  3% 34,4M 8s
  1450K .......... .......... .......... .......... ..........  3% 2,21M 8s
  1500K .......... .......... .......... .......... ..........  3% 44,3M 8s
  1550K .......... .......... .......... .......... ..........  3% 29,3M 8s
  1600K .......... .......... .......... .......... ..........  3% 46,4M 8s
  1650K .......... .......... .......... .......... ..........  3% 21,2M 8s
  1700K .......... .......... .......... .......... ..........  3% 21,3M 7s
  1750K .......... .......... .......... .......... ..........  3% 84,7M 7s
  1800K .......... .......... .......... .......... ..........  4% 23,5M 7s
  1850K .......... .......... .......... .......... ..........  4% 2,53M 7s
  1900K .......... .......... .......... .......... ..........  4% 23,6M 7s
  1950K .......... .......... .......... .......... ..........  4% 26,2M 7s
  2000K .......... .......... .......... .......... ..........  4% 47,4M 7s
  2050K .......... .......... .......... .......... ..........  4% 16,3M 7s
  2100K .......... .......... .......... .......... ..........  4% 45,4M 7s
  2150K .......... .......... .......... .......... ..........  4% 30,9M 6s
  2200K .......... .......... .......... .......... ..........  4% 24,5M 6s
  2250K .......... .......... .......... .......... ..........  4% 46,0M 6s
  2300K .......... .......... .......... .......... ..........  5% 3,01M 6s
  2350K .......... .......... .......... .......... ..........  5% 58,6M 6s
  2400K .......... .......... .......... .......... ..........  5% 44,3M 6s
  2450K .......... .......... .......... .......... ..........  5% 40,3M 6s
  2500K .......... .......... .......... .......... ..........  5% 11,4M 6s
  2550K .......... .......... .......... .......... ..........  5% 16,8M 6s
  2600K .......... .......... .......... .......... ..........  5% 35,2M 6s
  2650K .......... .......... .......... .......... ..........  5% 26,4M 6s
  2700K .......... .......... .......... .......... ..........  5% 3,39M 6s
  2750K .......... .......... .......... .......... ..........  6% 34,9M 6s
  2800K .......... .......... .......... .......... ..........  6% 26,0M 6s
  2850K .......... .......... .......... .......... ..........  6% 24,9M 6s
  2900K .......... .......... .......... .......... ..........  6% 8,97M 6s
  2950K .......... .......... .......... .......... ..........  6% 32,2M 6s
  3000K .......... .......... .......... .......... ..........  6% 34,4M 5s
  3050K .......... .......... .......... .......... ..........  6% 16,5M 5s
  3100K .......... .......... .......... .......... ..........  6% 95,0M 5s
  3150K .......... .......... .......... .......... ..........  6% 4,43M 5s
  3200K .......... .......... .......... .......... ..........  7% 26,4M 5s
  3250K .......... .......... .......... .......... ..........  7% 35,0M 5s
  3300K .......... .......... .......... .......... ..........  7% 13,5M 5s
  3350K .......... .......... .......... .......... ..........  7% 5,82M 5s
  3400K .......... .......... .......... .......... ..........  7% 34,4M 5s
  3450K .......... .......... .......... .......... ..........  7% 20,4M 5s
  3500K .......... .......... .......... .......... ..........  7% 28,5M 5s
  3550K .......... .......... .......... .......... ..........  7% 22,3M 5s
  3600K .......... .......... .......... .......... ..........  7% 3,92M 5s
  3650K .......... .......... .......... .......... ..........  8% 17,7M 5s
  3700K .......... .......... .......... .......... ..........  8% 28,2M 5s
  3750K .......... .......... .......... .......... ..........  8% 15,0M 5s
  3800K .......... .......... .......... .......... ..........  8% 7,45M 5s
  3850K .......... .......... .......... .......... ..........  8% 14,3M 5s
  3900K .......... .......... .......... .......... ..........  8% 21,6M 5s
  3950K .......... .......... .......... .......... ..........  8% 60,6M 5s
  4000K .......... .......... .......... .......... ..........  8% 22,3M 5s
  4050K .......... .......... .......... .......... ..........  8%  106M 5s
  4100K .......... .......... .......... .......... ..........  9% 4,38M 5s
  4150K .......... .......... .......... .......... ..........  9% 38,5M 5s
  4200K .......... .......... .......... .......... ..........  9% 13,0M 5s
  4250K .......... .......... .......... .......... ..........  9% 10,1M 5s
  4300K .......... .......... .......... .......... ..........  9% 22,9M 5s
  4350K .......... .......... .......... .......... ..........  9% 26,2M 5s
  4400K .......... .......... .......... .......... ..........  9% 24,2M 5s
  4450K .......... .......... .......... .......... ..........  9% 27,6M 5s
  4500K .......... .......... .......... .......... ..........  9% 21,9M 4s
  4550K .......... .......... .......... .......... ..........  9% 5,75M 4s
  4600K .......... .......... .......... .......... .......... 10% 20,4M 4s
  4650K .......... .......... .......... .......... .......... 10% 84,4M 4s
  4700K ...[Wed Feb 26 12:25:45 2020]
Finished job 28.
2 of 28 steps (7%) done
.......
[Wed Feb 26 12:25:45 2020]
rule jellyfish_dump:
    input: DEkupl_result/kmer_counts/sample4.jf
    output: DEkupl_result/kmer_counts/sample4.txt.gz
    log: DEkupl_result/Logs/sample4_jellyfishDumpRawCounts_exec_time.log
    jobid: 21
    wildcards: sample=sample4
    threads: 10
    resources: ram=3000

 .......... .......... .......... .......... 10% 13,2M 4s
  4750K .......... .......... .......... .......... .......... 10% 11,6M 4s
  4800K .......... .......... .......... .......... .......... 10% 42,2M 4s
  4850K .......... .......... .......... .......... .......... 10% 31,9M 4s
  4900K .......... .......... .......... .......... .......... 10% 26,9M 4s
  4950K .......... .......... .......... .......... .......... 10% 31,2M 4s
  5000K .......... .......... .......... .......... .......... 10% 53,1M 4s
  5050K .......... .......... .......... .......... .......... 11% 6,24M 4s
  5100K .......... .......... .......... .......... .......... 11% 30,6M 4s
  5150K .......... .......... .......... .......... .......... 11% 18,5M 4s
  5200K .......... .......... .......... .......... .......... 11% 10,4M 4s
  5250K .......... .......... .......... .......... .......... 11% 9,11M 4s
  5300K .......... .......... .......... .......... .......... 11% 39,5M 4s
  5350K .......... .......... .......... .......... .......... 11% 28,6M 4s
  5400K .......... .......... .......... .......... .......... 11% 17,8M 4s
  5450K .......... .......... .......... .......... .......... 11% 59,1M 4s
  5500K .......... .......... .......... .......... .......... 12% 22,3M 4s
  5550K .......... .......... .......... .......... .......... 12% 45,0M 4s
  5600K .......... .......... .......... .......... .......... 12% 5,71M 4s
  5650K .......... .......... .......... .......... .......... 12% 33,5M 4s
  5700K .......... .......... .......... .......... .......... 12% 15,5M 4s
  5750K .......... .......... .......... .......... .......... 12% 7,09M 4s
  5800K .......... .......... .......... .......... .......... 12% 43,0M 4s
  5850K .......... .......... .......... .......... .......... 12% 28,2M 4s
  5900K .......... .......... .......... .......... .......... 12% 33,3M 4s
  5950K .......... .......... .......... .......... .......... 13% 12,9M 4s
  6000K .......... .......... .......... .......... .......... 13% 25,9M 4s
  6050K .......... .......... .......... .......... .......... 13% 40,0M 4s
  6100K .......... .......... .......... .......... .......... 13% 28,9M 4s
  6150K .......... .......... .......... .......... .......... 13% 6,10M 4s
  6200K .......... .......... .......... .......... .......... 13% 27,0M 4s
  6250K .......... .......... .......... .......... .......... 13% 11,3M 4s
  6300K .......... .......... .......... .......... .......... 13% 4,54M 4s
  6350K .......... .......... .......... .......... .......... 13% 12,0M 4s
  6400K .......... .......... .......... .......... .......... 14% 55,5M 4s
  6450K .......... .......... .......... .......... .......... 14% 12,1M 4s
  6500K .......... .......... .......... .......... .......... 14% 31,9M 4s
  6550K .......... .......... .......... .......... .......... 14% 16,0M 4s
  6600K .......... .......... .......... .......... .......... 14% 39,6M 4s
  6650K .......... .......... .......... .......... .......... 14% 22,7M 4s
  6700K .......... .......... .......... .......... .......... 14% 6,71M 4s
  6750K .......... .......... .......... .......... .......... 14% 21,1M 4s
  6800K .......... .......... .......... .......... .......... 14% 7,82M 4s
  6850K .......... .......... .......... .......... .......... 14% 52,4M 4s
  6900K .......... .......... .......... .......... .......... 15% 6,01M 4s
  6950K .......... .......... .......... .......... .......... 15% 28,6M 4s
  7000K .......... .......... .......... .......... .......... 15% 27,8M 4s
  7050K .......... .......... .......... .......... .......... 15% 15,3M 4s
  7100K .......... .......... .......... .......... .......... 15% 28,2M 4s
  7150K .......... .......... .......... .......... .......... 15% 27,7M 4s
  7200K .......... .......... .......... .......... .......... 15% 42,3M 4s
  7250K .......... .......... .......... .......... .......... 15% 9,40M 4s
  7300K .......... .......... .......... .......... .......... 15% 9,11M 4s
  7350K .......... .......... .......... .......... .......... 16% 11,0M 4s
  7400K .......... .......... .......... .......... .......... 16% 25,3M 4s
  7450K .......... .......... .......... .......... .......... 16% 9,77M 4s
  7500K .......... .......... .......... .......... .......... 16% 41,3M 3s
  7550K .......... .......... .......... .......... .......... 16% 48,5M 3s
  7600K .......... .......... .......... .......... .......... 16% 16,0M 3s
  7650K .......... .......... .......... .......... .......... 16% 32,1M 3s
  7700K .......... .......... .......... .......... .......... 16% 28,0M 3s
  7750K .......... .......... .......... .......... .......... 16% 20,3M 3s
  7800K .......... .......... .......... .......... .......... 17% 32,8M 3s
  7850K .......... .......... .......... .......... .......... 17% 7,71M 3s
  7900K .......... .......... .......... .......... .......... 17% 19,5M 3s
  7950K .......... .......... .......... .......... .......... 17% 9,27M 3s
  8000K .......... .......... .......... .......... .......... 17% 82,9M 3s
  8050K .......... .......... .......... .......... .......... 17% 10,4M 3s
  8100K .......... .......... .......... .......... .......... 17% 38,1M 3s
  8150K .......... .......... .......... .......... .......... 17% 35,5M 3s
  8200K .......... .......... .......... .......... .......... 17% 14,6M 3s
  8250K .......... .......... .......... .......... .......... 18% 39,2M 3s
  8300K .......... .......... .......... .......... .......... 18% 33,0M 3s
  8350K .......... .......... .......... .......... .......... 18% 27,3M 3s
  8400K .......... .......... .......... .......... .......... 18% 28,2M 3s
  8450K .......... .......... .......... .......... .......... 18% 8,24M 3s
  8500K .......... .......... .......... .......... .......... 18% 18,6M 3s
  8550K .......... ....[33mJob counts:
	count	jobs
	1	jellyfish_dump
	1[0m
...... .......... .......... .......... 18% 9,12M 3s
  8600K .......... .......... .......... .......... .......... 18% 36,2M 3s
  8650K .......... .......... .......... .......... .......... 18% 10,2M 3s
  8700K .......... .......... .......... .......... .......... 19% 27,7M 3s
  8750K .......... .......... .......... .......... .......... 19% 23,0M 3s
  8800K .......... .......... .......... .......... .......... 19% 17,1M 3s
  8850K .......... .......... .......... .......... .......... 19% 25,1M 3s
  8900K .......... .......... .......... .......... .......... 19% 36,7M 3s
  8950K .......... .......... .......... .......... .......... 19% 35,8M 3s
  9000K .......... .......... .......... .......... .......... 19% 29,7M 3s
  9050K .......... .......... .......... .......... .......... 19% 11,2M 3s
  9100K .......... .......... .......... .......... .......... 19% 9,25M 3s
  9150K .......... .......... .......... .......... .......... 19% 16,2M 3s
  9200K .......... .......... .......... .......... .......... 20% 20,9M 3s
  9250K .......... .......... .......... .......... .......... 20% 11,3M 3s
  9300K .......... .......... .......... .......... .......... 20% 40,1M 3s
  9350K .......... .......... .......... .......... .......... 20% 27,1M 3s
  9400K .......... .......... .......... .......... .......... 20% 38,2M 3s
  9450K .......... .......... .......... .......... .......... 20% 15,2M 3s
  9500K .......... .......... .......... .......... .......... 20% 19,3M 3s
  9550K .......... .......... .......... .......... .......... 20% 18,2M 3s
  9600K .......... .......... .......... .......... .......... 20% 54,9M 3s
  9650K .......... .......... .......... .......... .......... 21% 56,8M 3s
  9700K .......... .......... .......... .......... .......... 21% 9,87M 3s
  9750K .......... .......... .......... .......... .......... 21% 15,9M 3s
  9800K .......... .......... .......... .......... .......... 21% 16,8M 3s
  9850K .......... .......... .......... .......... .......... 21% 14,9M 3s
  9900K .......... .......... .......... .......... .......... 21% 13,7M 3s
  9950K .......... .......... .......... .......... .......... 21% 27,1M 3s
 10000K .......... .......... .......... .......... .......... 21% 28,9M 3s
 10050K .......... .......... .......... .......... .......... 21% 39,2M 3s
 10100K .......... .......... .......... .......... .......... 22% 17,1M 3s
 10150K .......... .......... .......... .......... .......... 22% 16,0M 3s
 10200K .......... .......... .......... .......... .......... 22% 20,1M 3s
 10250K .......... .......... .......... .......... .......... 22% 34,2M 3s
 10300K .......... .......... .......... .......... .......... 22% 62,0M 3s
 10350K .......... .......... .......... .......... .......... 22% 11,1M 3s
 10400K .......... .......... .......... .......... .......... 22% 8,70M 3s
 10450K .......... .......... .......... .......... .......... 22% 59,0M 3s
 10500K .......... .......... .......... .......... .......... 22% 13,4M 3s
 10550K .......... .......... .......... .......... .......... 23% 8,86M 3s
 10600K .......... .......... .......... .......... .......... 23% 22,4M 3s
 10650K .......... .......... .......... .......... .......... 23% 41,2M 3s
 10700K .......... .......... .......... .......... .......... 23% 48,4M 3s
 10750K .......... .......... .......... .......... .......... 23% 22,5M 3s
 10800K .......... .......... .......... .......... .......... 23% 14,2M 3s
 10850K .......... .......... .......... .......... .......... 23% 42,5M 3s
 10900K .......... .......... .......... .......... .......... 23% 14,2M 3s
 10950K .......... .......... .......... .......... .......... 23% 87,4M 3s
 11000K .......... .......... .......... .......... .......... 23% 14,1M 3s
 11050K .......... .......... .......... .......... .......... 24% 12,8M 3s
 11100K .......... .......... .......... .......... .......... 24% 14,1M 3s
 11150K .......... .......... .......... .......... .......... 24% 11,4M 3s
 11200K .......... .......... .......... .......... .......... 24% 11,6M 3s
 11250K .......... .......... .......... .......... .......... 24% 55,7M 3s
 11300K .......... .......... .......... .......... .......... 24% 21,5M 3s
 11350K .......... .......... .......... .......... .......... 24% 53,5M 3s
 11400K .......... .......... .......... .......... .......... 24% 29,5M 3s
 11450K .......... .......... .......... .......... .......... 24% 13,1M 3s
 11500K .......... .......... .......... .......... .......... 25% 17,6M 3s
 11550K .......... .......... .......... .......... .......... 25% 18,9M 3s
 11600K .......... .......... .......... .......... .......... 25% 7,75M 3s
 11650K .......... .......... .......... .......... .......... 25% 39,0M 3s
 11700K .......... .......... .......... .......... .......... 25% 6,07M 3s
 11750K .......... .......... .......... .......... .......... 25% 10,6M 3s
 11800K .......... .......... .......... .......... .......... 25% 24,0M 3s
 11850K .......... .......... .......... .......... .......... 25% 24,6M 3s
 11900K .......... .......... .......... .......... .......... 25% 43,8M 3s
 11950K .......... .......... .......... .......... .......... 26% 34,7M 3s
 12000K .......... .......... .......... .......... .......... 26% 39,2M 3s
 12050K .......... .......... .......... .......... .......... 26% 41,1M 3s
 12100K .......... .......... .......... .......... .......... 26% 63,0M 3s
 12150K .......... .......... .......... .......... .......... 26% 29,0M 3s
 12200K .......... .......... .......... .......... .......... 26% 22,3M 3s
 12250K .......... .......... .......... .......... .......... 26% 23,7M 3s
 12300K .......... .......... .......... .......... .......... 26% 9,57M 3s
 12350K .......... .......... .......... .......... .......... 26% 28,3M 3s
 12400K .......... .......... .......... .......... .......... 27% 52,6M 3s
 12450K .......... .......... .......... .......... .......... 27% 4,37M 3s
 12500K .......... .......... .......... .......... .......... 27% 27,0M 3s
 12550K .......... .......... .......... .......... .......... 27% 39,9M 3s
 12600K .......... .......... .......... .......... .......... 27% 18,9M 3s
 12650K .......... .......... .......... .......... .......... 27% 27,0M 3s
 12700K .......... .......... .......... .......... .......... 27% 39,9M 3s
 12750K .......... .......... .......... .......... .......... 27% 42,6M 2s
 12800K .......... .......... .......... .......... .......... 27% 41,8M 2s
 12850K .......... .......... .......... .......... .......... 28% 55,1M 2s
 12900K .......... .......... .......... .......... .......... 28% 22,2M 2s
 12950K .......... .......... .......... .......... .......... 28% 17,4M 2s
 13000K .......... .......... .......... .......... .......... 28% 12,6M 2s
 13050K .......... .......... .......... .......... .......... 28% 14,5M 2s
 13100K .......... .......... .......... .......... .......... 28% 46,0M 2s
 13150K .......... .......... .......... .......... .......... 28% 33,1M 2s
 13200K .......... .......... .......... .......... .......... 28% 3,71M 2s
 13250K .......... .......... .......... .......... .......... 28% 46,0M 2s
 13300K .......... .......... .......... .......... .......... 28% 17,0M 2s
 13350K .......... .......... .......... .......... .......... 29% 50,8M 2s
 13400K .......... .......... .......... .......... .......... 29% 36,7M 2s
 13450K .......... .......... .......... .......... .......... 29% 55,5M 2s
 13500K .......... .......... .......... .......... .......... 29% 58,6M 2s
 13550K .......... .......... .......... .......... .......... 29% 28,5M 2s
 13600K .......... .......... .......... .......... .......... 29% 63,9M 2s
 13650K .......... .......... .......... .......... .......... 29% 25,6M 2s
 13700K .......... .......... .......... .......... .......... 29% 31,8M 2s
 13750K .......... .......... .......... .......... .......... 29% 72,7M 2s
 13800K .......... .......... .......... .......... .......... 30% 11,9M 2s
 13850K .......... .......... .......... .......... .......... 30% 15,1M 2s
 13900K .......... .......... .......... .......... .......... 30% 30,0M 2s
 13950K .......... .......... .......... .......... .......... 30% 4,32M 2s
 14000K .......... .......... .......... .......... .......... 30% 14,8M 2s
 14050K .......... .......... .......... .......... .......... 30% 26,2M 2s
 14100K .......... .......... .......... .......... .......... 30% 24,2M 2s
 14150K .......... .......... .......... .......... .......... 30% 43,9M 2s
 14200K .......... .......... .......... .......... .......... 30% 40,1M 2s
 14250K .......... .......... .......... .......... .......... 31% 68,2M 2s
 14300K .......... .......... .......... .......... .......... 31% 33,0M 2s
 14350K .......... .......... .......... .......... .......... 31% 27,7M 2s
 14400K .......... .......... .......... .......... .......... 31% 20,4M 2s
 14450K .......... .......... .......... .......... .......... 31%  101M 2s
 14500K .......... .......... .......... .......... .......... 31% 27,1M 2s
 14550K .......... .......... .......... .......... .......... 31% 17,9M 2s
 14600K .......... .......... .......... .......... .......... 31% 13,1M 2s
 14650K .......... .......... .......... .......... .......... 31% 39,7M 2s
 14700K .......... .......... .......... .......... .......... 32% 37,2M 2s
 14750K .......... .......... .......... .......... .......... 32% 3,69M 2s
 14800K .......... .......... .......... .......... .......... 32% 24,4M 2s
 14850K .......... .......... .......... .......... .......... 32% 27,5M 2s
 14900K .......... .......... .......... .......... .......... 32% 46,3M 2s
 14950K .......... .......... .......... .......... .......... 32% 44,3M 2s
 15000K .......... .......... .......... .......... .......... 32% 44,9M 2s
 15050K .......... .......... .......... .......... .......... 32% 51,4M 2s
 15100K .......... .......... .......... .......... .......... 32% 30,1M 2s
 15150K .......... .......... .......... .......... .......... 33% 68,2M 2s
 15200K .......... .......... .......... .......... .......... 33% 47,3M 2s
 15250K .......... .......... .......... .......... .......... 33% 28,5M 2s
 15300K .......... .......... .......... .......... .......... 33% 28,4M 2s
 15350K .......... .......... .......... .......... .......... 33% 27,4M 2s
 15400K .......... .......... .......... .......... .......... 33% 14,0M 2s
 15450K .......... .......... .......... .......... .......... 33% 49,2M 2s
 15500K .......... .......... .......... .......... .......... 33% 50,5M 2s
 15550K .......... .......... .......... .......... .......... 33% 4,55M 2s
 15600K .......... .......... .......... .......... .......... 33% 31,7M 2s
 15650K .......... .......... .......... .......... .......... 34% 37,1M 2s
 15700K .......... .......... .......... .......... .......... 34% 16,6M 2s
 15750K .......... .......... .......... .......... .......... 34% 83,5M 2s
 15800K .......... .......... .......... .......... .......... 34% 39,6M 2s
 15850K .......... .......... .......... .......... .......... 34% 57,4M 2s
 15900K .......... .......... .......... .......... .......... 34% 31,9M 2s
 15950K .......... .......... .......... .......... .......... 34% 40,4M 2s
 16000K .......... .......... .......... .......... .......... 34% 24,9M 2s
 16050K .......... .......... .......... .......... .......... 34% 37,1M 2s
 16100K .......... .......... .......... .......... .......... 35% 13,4M 2s
 16150K .......... .......... .......... .......... .......... 35% 92,9M 2s
 16200K .......... .......... .......... .......... .......... 35% 17,2M 2s
 16250K .......... .......... .......... .......... .......... 35% 19,0M 2s
 16300K .......... .......... .......... .......... .......... 35% 38,5M 2s
 16350K .......... .......... .......... .......... .......... 35% 39,3M 2s
 16400K .......... .......... .......... .......... .......... 35% 5,30M 2s
 16450K .......... .......... .......... .......... .......... 35% 20,8M 2s
 16500K .......... .......... .......... .......... .......... 35% 26,3M 2s
 16550K .......... .......... .......... .......... .......... 36% 38,5M 2s
 16600K .......... .......... .......... .......... .......... 36% 27,9M 2s
 16650K .......... .......... .......... .......... .......... 36% 33,2M 2s
 16700K .......... .......... .......... .......... .......... 36% 20,5M 2s
 16750K .......... .......... .......... .......... .......... 36% 75,1M 2s
 16800K .......... .......... .......... .......... .......... 36% 77,8M 2s
 16850K .......... .......... .......... .......... .......... 36% 19,7M 2s
 16900K .......... .......... .......... .......... .......... 36% 31,1M 2s
 16950K .......... .......... .......... .......... .......... 36% 17,9M 2s
 17000K .......... .......... .......... .......... .......... 37%  109M 2s
 17050K .......... .......... .......... .......... .......... 37%  106M 2s
 17100K .......... .......... .......... .......... .......... 37% 15,0M 2s
 17150K .......... .......... .......... .......... .......... 37% 19,4M 2s
 17200K .......... .......... .......... .......... .......... 37% 31,2M 2s
 17250K .......... .......... .......... .......... .......... 37% 6,23M 2s
 17300K .......... .......... .......... .......... .......... 37% 19,2M 2s
 17350K .......... .......... .......... .......... .......... 37% 43,7M 2s
 17400K .......... .......... .......... .......... .......... 37% 15,8M 2s
 17450K .......... .......... .......... .......... .......... 38% 91,3M 2s
 17500K .......... .......... .......... .......... .......... 38% 26,5M 2s
 17550K .......... .......... .......... .......... .......... 38% 24,4M 2s
 17600K .......... .......... .......... .......... .......... 38% 35,1M 2s
 17650K .......... .......... .......... .......... .......... 38% 49,7M 2s
 17700K .......... .......... .......... .......... .......... 38% 80,0M 2s
 17750K .......... .......... .......... .......... .......... 38% 22,0M 2s
 17800K .......... .......... .......... .......... .......... 38% 26,3M 2s
 17850K .......... .......... .......... .......... .......... 38% 20,2M 2s
 17900K .......... .......... .......... .......... .......... 38% 68,1M 2s
 17950K .......... .......... .......... .......... .......... 39% 83,3M 2s
 18000K .......... .......... .......... .......... .......... 39% 14,0M 2s
 18050K .......... .......... .......... .......... .......... 39% 24,1M 2s
 18100K .......... .......... .......... .......... .......... 39% 24,4M 2s
 18150K .......... .......... .......... .......... .......... 39% 92,3M 2s
 18200K .......... .......... .......... .......... .......... 39% 8,33M 2s
 18250K .......... .......... .......... .......... .......... 39% 31,1M 2s
 18300K .......... .......... .......... .......... .......... 39% 16,8M 2s
 18350K .......... .......... .......... .......... .......... 39% 24,6M 2s
 18400K .......... .......... .......... .......... .......... 40% 95,7M 2s
 18450K .......... .......... .......... .......... .......... 40% 18,4M 2s
 18500K .......... .......... .......... .......... .......... 40% 84,1M 2s
 18550K .......... .......... .......... .......... .......... 40% 32,3M 2s
 18600K .......... .......... .......... .......... .......... 40% 59,6M 2s
 18650K .......... .......... .......... .......... .......... 40% 30,7M 2s
 18700K .......... .......... .......... .......... .......... 40% 27,6M 2s
 18750K .......... .......... .......... .......... .......... 40% 35,4M 2s
 18800K .......... .......... .......... .......... .......... 40% 20,0M 2s
 18850K .......... .......... .......... .......... .......... 41% 37,5M 2s
 18900K .......... .......... .......... .......... .......... 41% 83,2M 2s
 18950K .......... .......... .......... .......... .......... 41% 19,2M 2s
 19000K .......... .......... .......... .......... .......... 41% 19,2M 2s
 19050K .......... .......... .......... .......... .......... 41% 42,0M 2s
 19100K .......... .......... .......... .......... .......... 41% 68,5M 2s
 19150K .......... .......... .......... .......... .......... 41% 7,89M 2s
 19200K .......... .......... .......... .......... .......... 41% 25,1M 2s
 19250K .......... .......... .......... .......... .......... 41% 18,4M 2s
 19300K .......... .......... .......... .......... .......... 42% 20,3M 2s
 19350K .......... .......... .......... .......... .......... 42% 66,8M 2s
 19400K .......... .......... .......... .......... .......... 42% 18,3M 2s
 19450K .......... .......... .......... .......... .......... 42% 58,6M 2s
 19500K .......... .......... .......... .......... .......... 42% 20,4M 2s
 19550K .......... .......... .......... .......... .......... 42% 48,6M 2s
 19600K .......... .......... .......... .......... .......... 42% 65,6M 2s
 19650K .......... .......... .......... .......... .......... 42% 20,2M 2s
 19700K .......... .......... .......... .......... .......... 42% 35,1M 2s
 19750K .......... .......... .......... .......... .......... 42% 18,9M 2s
 19800K .......... .......... .......... .......... .......... 43% 56,2M 2s
 19850K .......... .......... .......... .......... .......... 43% 31,7M 2s
 19900K .......... .......... .......... .......... .......... 43% 26,2M 2s
 19950K .......... .......... .......... .......... .......... 43% 18,7M 2s
 20000K .......... .......... .......... .......... .......... 43% 22,4M 2s
 20050K .......... .......... .......... .......... .......... 43% 93,9M 2s
 20100K .......... .......... .......... .......... .......... 43% 9,08M 2s
 20150K .......... .......... .......... .......... .......... 43% 20,9M 2s
 20200K .......... .......... .......... .......... .......... 43% 32,0M 2s
 20250K .......... .......... .......... .......... .......... 44% 46,9M 2s
 20300K .......... .......... .......... .......... .......... 44% 16,9M 2s
 20350K .......... .......... .......... .......... .......... 44% 19,2M 2s
 20400K .......... .......... .......... .......... .......... 44% 39,1M 2s
 20450K .......... .......... .......... .......... .......... 44% 43,9M 2s
 20500K .......... .......... .......... .......... .......... 44% 26,2M 2s
 20550K .......... .......... .......... .......... .......... 44% 51,0M 2s
 20600K .......... .......... .......... .......... .......... 44% 55,3M 2s
 20650K .......... .......... .......... .......... .......... 44% 28,9M 2s
 20700K .......... .......... .......... .......... .......... 45% 30,5M 2s
 20750K .......... .......... .......... .......... .......... 45% 69,8M 2s
 20800K .......... .......... .......... .......... .......... 45% 17,5M 2s
 20850K .......... .......... .......... .......... .......... 45% 34,9M 2s
 20900K .......... .......... .......... .......... .......... 45% 25,1M 2s
 20950K .......... .......... .......... .......... .......... 45% 80,6M 2s
 21000K .......... .......... .......... .......... .......... 45% 25,4M 2s
 21050K .......... .......... .......... .......... .......... 45% 14,3M 2s
 21100K .......... .......... .......... .......... .......... 45% 5,67M 2s
 21150K .......... .......... .......... .......... .......... 46% 26,0M 2s
 21200K .......... .......... .......... .......... .......... 46% 42,8M 2s
 21250K .......... .......... .......... .......... .......... 46% 19,5M 2s
 21300K .......... .......... .......... .......... .......... 46% 16,0M 2s
 21350K .......... .......... .......... .......... .......... 46% 20,0M 2s
 21400K .......... .......... .......... .......... .......... 46% 29,9M 2s
 21450K .......... .......... .......... .......... .......... 46% 61,6M 2s
 21500K .......... .......... .......... .......... .......... 46% 30,6M 2s
 21550K .......... .......... .......... .......... .......... 46% 17,3M 2s
 21600K .......... .......... .......... .......... .......... 47% 36,1M 2s
 21650K .......... .......... .......... .......... .......... 47%  101M 1s
 21700K .......... .......... .......... .......... .......... 47% 20,1M 1s
 21750K .......... .......... .......... .......... .......... 47% 20,0M 1s
 21800K .......... .......... .......... .......... .......... 47% 22,5M 1s
 21850K .......... .......... .......... .......... .......... 47% 12,4M 1s
 21900K .......... .......... .......... .......... .......... 47% 92,5M 1s
 21950K .......... .......... .......... .......... .......... 47% 28,2M 1s
 22000K .......... .......... .......... .......... .......... 47% 19,2M 1s
 22050K .......... .......... .......... .......... .......... 47% 21,0M 1s
 22100K .......... .......... .......... .......... .......... 48% 68,7M 1s
 22150K .......... .......... .......... .......... .......... 48% 83,1M 1s
 22200K .......... .......... .......... .......... .......... 48% 8,53M 1s
 22250K .......... .......... .......... .......... .......... 48% 26,9M 1s
 22300K .......... .......... .......... .......... .......... 48% 28,5M 1s
 22350K .......... .......... .......... .......... .......... 48% 28,4M 1s
 22400K .......... .......... .......... .......... .......... 48% 61,7M 1s
 22450K .......... .......... .......... .......... .......... 48% 22,7M 1s
 22500K .......... .......... .......... .......... .......... 48% 19,9M 1s
 22550K .......... .......... .......... .......... .......... 49% 48,3M 1s
 22600K .......... .......... .......... .......... .......... 49% 57,2M 1s
 22650K .......... .......... .......... .......... .......... 49% 27,4M 1s
 22700K .......... .......... .......... .......... .......... 49% 21,3M 1s
 22750K .......... .......... .......... .......... .......... 49% 90,2M 1s
 22800K .......... .......... .......... .......... .......... 49% 35,7M 1s
 22850K .......... .......... .......... .......... .......... 49% 31,3M 1s
 22900K .......... .......... .......... .......... .......... 49% 24,6M 1s
 22950K .......... .......... .......... .......... .......... 49% 19,3M 1s
 23000K .......... .......... .......... .......... .......... 50% 33,8M 1s
 23050K .......... .......... .......... .......... .......... 50% 53,2M 1s
 23100K .......... .......... .......... .......... .......... 50% 30,3M 1s
 23150K .......... .......... .......... .......... .......... 50% 15,5M 1s
 23200K .......... .......... .......... .......... .......... 50% 37,6M 1s
 23250K .......... .......... .......... .......... .......... 50% 32,3M 1s
 23300K .......... .......... .......... .......... .......... 50% 12,0M 1s
 23350K .......... .......... .......... .......... .......... 50% 18,2M 1s
 23400K .......... .......... .......... .......... .......... 50% 35,7M 1s
 23450K .......... .......... .......... .......... .......... 51% 23,3M 1s
 23500K .......... .......... .......... .......... .......... 51% 15,5M 1s
 23550K .......... .......... .......... .......... .......... 51% 72,5M 1s
 23600K .......... .......... .......... .......... .......... 51% 26,6M 1s
 23650K .......... .......... .......... .......... .......... 51% 27,6M 1s
 23700K .......... .......... .......... .......... .......... 51% 39,4M 1s
 23750K .......... .......... .......... .......... .......... 51% 43,3M 1s
 23800K .......... .......... .......... .......... .......... 51% 54,2M 1s
 23850K .......... .......... .......... .......... .......... 51% 28,1M 1s
 23900K .......... .......... .......... .......... .......... 52% 32,1M 1s
 23950K .......... .......... .......... .......... .......... 52% 23,4M 1s
 24000K .......... .......... .......... .......... .......... 52% 24,3M 1s
 24050K .......... .......... .......... .......... .......... 52% 27,4M 1s
 24100K .......... .......... .......... .......... .......... 52% 22,3M 1s
 24150K .......... .......... .......... .......... .......... 52% 11,0M 1s
 24200K .......... .......... .......... .......... .......... 52%  104M 1s
 24250K .......... .......... .......... .......... .......... 52%  127M 1s
 24300K .......... .......... .......... .......... .......... 52% 37,9M 1s
 24350K .......... .......... .......... .......... .......... 52% 30,1M 1s
 24400K .......... .......... .......... .......... .......... 53% 9,52M 1s
 24450K .......... .......... .......... .......... .......... 53% 88,7M 1s
 24500K .......... .......... .......... .......... .......... 53% 21,7M 1s
 24550K .......... .......... .......... .......... .......... 53% 32,3M 1s
 24600K .......... .......... .......... .......... .......... 53% 32,7M 1s
 24650K .......... .......... .......... .......... .......... 53% 26,0M 1s
 24700K .......... .......... .......... .......... .......... 53% 54,1M 1s
 24750K .......... .......... .......... .......... .......... 53% 15,1M 1s
 24800K .......... .......... .......... .......... .......... 53% 79,3M 1s
 24850K .......... .......... .......... .......... .......... 54% 27,0M 1s
 24900K .......... .......... .......... .......... .......... 54% 35,9M 1s
 24950K .......... .......... .......... .......... .......... 54% 53,4M 1s
 25000K .......... .......... .......... .......... .......... 54% 39,9M 1s
 25050K .......... .......... .......... .......... .......... 54% 30,7M 1s
 25100K .......... .......... .......... .......... .......... 54% 42,3M 1s
 25150K .......... .......... .......... .......... .......... 54%  111M 1s
 25200K .......... .......... .......... .......... .......... 54% 19,6M 1s
 25250K .......... .......... .......... .......... .......... 54% 23,5M 1s
 25300K .......... .......... .......... .......... .......... 55% 69,4M 1s
 25350K .......... .......... .......... .......... .......... 55% 30,0M 1s
 25400K .......... .......... .......... .......... .......... 55% 79,7M 1s
 25450K .......... .......... .......... .......... .......... 55% 24,9M 1s
 25500K .......... .......... .......... .......... .......... 55% 26,3M 1s
 25550K .......... .......... .......... .......... .......... 55% 8,97M 1s
 25600K .......... .......... .......... .......... .......... 55% 18,0M 1s
 25650K .......... .......... .......... .......... .......... 55% 97,7M 1s
 25700K .......... .......... .......... .......... .......... 55% 20,2M 1s
 25750K .......... .......... .......... .......... .......... 56% 40,7M 1s
 25800K .......... .......... .......... .......... .......... 56% 27,7M 1s
 25850K .......... .......... .......... .......... .......... 56% 24,3M 1s
 25900K .......... .......... .......... .......... .......... 56% 36,0M 1s
 25950K .......... .......... .......... .......... .......... 56% 34,7M 1s
 26000K .......... .......... .......... .......... .......... 56% 34,8M 1s
 26050K .......... .......... .......... .......... .......... 56% 17,5M 1s
 26100K .......... .......... .......... .......... .......... 56% 98,2M 1s
 26150K .......... .......... .......... .......... .......... 56% 15,2M 1s
 26200K .......... .......... .......... .......... .......... 57%  106M 1s
 26250K .......... .......... .......... .......... .......... 57% 89,0M 1s
 26300K .......... .......... .......... .......... .......... 57% 57,3M 1s
 26350K .......... .......... .......... .......... .......... 57% 51,8M 1s
 26400K .......... .......... .......... .......... .......... 57% 17,3M 1s
 26450K .......... .......... .......... .......... .......... 57% 29,9M 1s
 26500K .......... .......... .......... .......... .......... 57% 45,0M 1s
 26550K .......... .......... .......... .......... .......... 57% 53,3M 1s
 26600K .......... .......... .......... .......... .......... 57% 14,9M 1s
 26650K .......... .......... .......... .......... .......... 57%  141M 1s
 26700K .......... .......... .......... .......... .......... 58% 51,0M 1s
 26750K .......... .......... .......... .......... .......... 58% 7,59M 1s
 26800K .......... .......... .......... .......... .......... 58% 53,6M 1s
 26850K .......... .......... .......... .......... .......... 58% 29,6M 1s
 26900K .......... .......... .......... .......... .......... 58% 28,4M 1s
 26950K .......... .......... .......... .......... .......... 58% 32,7M 1s
 27000K .......... .......... .......... .......... .......... 58% 33,9M 1s
 27050K .......... .......... .......... .......... .......... 58% 84,1M 1s
 27100K .......... .......... .......... .......... .......... 58% 32,6M 1s
 27150K .......... .......... .......... .......... .......... 59% 23,4M 1s
 27200K .......... .......... .......... .......... .......... 59% 28,9M 1s
 27250K .......... .......... .......... .......... .......... 59% 20,9M 1s
 27300K .......... .......... .......... .......... .......... 59% 79,4M 1s
 27350K .......... .......... .......... .......... .......... 59% 14,9M 1s
 27400K .......... .......... .......... .......... .......... 59% 72,8M 1s
 27450K .......... .......... .......... .......... .......... 59% 56,1M 1s
 27500K .......... .......... .......... .......... .......... 59% 95,2M 1s
 27550K .......... .......... .......... .......... .......... 59% 35,2M 1s
 27600K .......... .......... .......... .......... .......... 60% 23,5M 1s
 27650K .......... .......... .......... .......... .......... 60% 28,8M 1s
 27700K .......... .......... .......... .......... .......... 60% 22,8M 1s
 27750K .......... .......... .......... .......... .......... 60% 83,5M 1s
 27800K .......... .......... .......... .......... .......... 60% 74,5M 1s
 27850K .......... .......... .......... .......... .......... 60% 24,4M 1s
 27900K .......... .......... .......... .......... .......... 60% 93,1M 1s
 27950K .......... .......... .......... .......... .......... 60% 32,5M 1s
 28000K .......... .......... .......... .......... .......... 60% 63,1M 1s
 28050K .......... .......... .......... .......... .......... 61% 8,11M 1s
 28100K .......... .......... .......... .......... .......... 61% 33,7M 1s
 28150K .......... .......... .......... .......... .......... 61% 21,1M 1s
 28200K .......... .......... .......... .......... .......... 61% 76,3M 1s
 28250K .......... .......... .......... .......... .......... 61% 35,8M 1s
 28300K .......... .......... .......... .......... .......... 61% 55,2M 1s
 28350K .......... .......... .......... .......... .......... 61% 23,0M 1s
 28400K .......... .......... .......... .......... .......... 61% 39,0M 1s
 28450K .......... .......... .......... .......... .......... 61% 76,9M 1s
 28500K .......... .......... .......... .......... .......... 61% 41,2M 1s
 28550K .......... .......... .......... .......... .......... 62% 19,6M 1s
 28600K .......... .......... .......... .......... .......... 62% 30,8M 1s
 28650K .......... .......... .......... .......... .......... 62% 27,8M 1s
 28700K .......... .......... .......... .......... .......... 62% 73,6M 1s
 28750K .......... .......... .......... .......... .......... 62% 31,1M 1s
 28800K .......... .......... .......... .......... .......... 62% 82,0M 1s
 28850K .......... .......... .......... .......... .......... 62% 25,9M 1s
 28900K .......... .......... .......... .......... .......... 62% 84,4M 1s
 28950K .......... .......... .......... .......... .......... 62% 41,2M 1s
 29000K .......... .......... .......... .......... .......... 63% 28,9M 1s
 29050K .......... .......... .......... .......... .......... 63% 31,4M 1s
 29100K .......... .......... .......... .......... .......... 63% 29,1M 1s
 29150K .......... .......... .......... .......... .......... 63% 96,9M 1s
 29200K .......... .......... .......... .......... .......... 63% 79,0M 1s
 29250K .......... .......... .......... .......... .......... 63% 29,8M 1s
 29300K .......... .......... .......... .......... .......... 63% 31,1M 1s
 29350K .......... .......... .......... .......... .......... 63% 11,7M 1s
 29400K .......... .......... .......... .......... .......... 63% 82,9M 1s
 29450K .......... .......... .......... .......... .......... 64% 18,7M 1s
 29500K .......... .......... .......... .......... .......... 64% 35,0M 1s
 29550K .......... .......... .......... .......... .......... 64% 31,7M 1s
 29600K .......... .......... .......... .......... .......... 64% 74,3M 1s
 29650K .......... .......... .......... .......... .......... 64% 29,5M 1s
 29700K .......... .......... .......... .......... .......... 64% 51,5M 1s
 29750K .......... .......... .......... .......... .......... 64% 18,5M 1s
 29800K .......... .......... .......... .......... .......... 64% 34,2M 1s
 29850K .......... .......... .......... .......... .......... 64% 96,0M 1s
 29900K .......... .......... .......... .......... .......... 65% 81,7M 1s
 29950K .......... .......... .......... .......... .......... 65% 25,9M 1s
 30000K .......... .......... .......... .......... .......... 65% 35,5M 1s
 30050K .......... .......... .......... .......... .......... 65% 26,4M 1s
 30100K .......... .......... .......... .......... .......... 65% 99,8M 1s
 30150K .......... .......... .......... .......... .......... 65% 37,9M 1s
 30200K .......... .......... .......... .......... .......... 65% 32,2M 1s
 30250K .......... .......... .......... .......... .......... 65% 39,9M 1s
 30300K .......... .......... .......... .......... .......... 65% 89,2M 1s
 30350K .......... .......... .......... .......... .......... 66% 32,0M 1s
 30400K .......... .......... .......... .......... .......... 66% 39,0M 1s
 30450K .......... .......... .......... .......... .......... 66% 29,1M 1s
 30500K .......... .......... .......... .......... .......... 66% 43,5M 1s
 30550K .......... .......... .......... .......... .......... 66% 95,5M 1s
 30600K .......... .......... .......... .......... .......... 66% 60,6M 1s
 30650K .......... .......... .......... .......... .......... 66% 47,4M 1s
 30700K .......... .......... .......... .......... .......... 66% 21,7M 1s
 30750K .......... .......... .......... .......... .......... 66% 15,5M 1s
 30800K .......... .......... .......... .......... .......... 66% 68,0M 1s
 30850K .......... .......... .......... .......... .......... 67% 40,0M 1s
 30900K .......... .......... .......... .......... .......... 67% 24,5M 1s
 30950K .......... .......... .......... .......... .......... 67% 33,3M 1s
 31000K .......... .......... .......... .......... .......... 67% 91,2M 1s
 31050K .......... .......... .......... .......... .......... 67% 40,5M 1s
 31100K .......... .......... .......... .......... .......... 67% 47,4M 1s
 31150K .......... .......... .......... .......... .......... 67% 22,0M 1s
 31200K .......... .......... .......... .......... .......... 67% 51,4M 1s
 31250K .......... .......... .......... .......... .......... 67% 95,2M 1s
 31300K .......... .......... .......... .......... .......... 68% 25,6M 1s
 31350K .......... .......... .......... .......... .......... 68% 66,6M 1s
 31400K .......... .......... .......... .......... .......... 68% 28,3M 1s
 31450K .......... .......... .......... .......... .......... 68% 28,9M 1s
 31500K .......... .......... .......... .......... .......... 68% 91,6M 1s
 31550K .......... .......... .......... .......... .......... 68% 83,0M 1s
 31600K .......... .......... .......... .......... .......... 68% 24,4M 1s
 31650K .......... .......... .......... .......... .......... 68% 51,0M 1s
 31700K .......... .......... .......... .......... .......... 68% 82,6M 1s
 31750K .......... .......... .......... .......... .......... 69% 27,4M 1s
 31800K .......... .......... .......... .......... .......... 69% 23,1M 1s
 31850K .......... .......... .......... .......... .......... 69% 42,4M 1s
 31900K .......... .......... .......... .......... .......... 69% 48,4M 1s
 31950K .......... .......... .......... .......... .......... 69% 47,7M 1s
 32000K .......... .......... .......... .......... .......... 69% 35,2M 1s
 32050K .......... .......... .......... .......... .......... 69% 28,3M 1s
 32100K .......... .......... .......... .......... .......... 69% 20,6M 1s
 32150K .......... .......... .......... .......... .......... 69% 31,6M 1s
 32200K .......... .......... .......... .......... .......... 70% 85,4M 1s
 32250K .......... .......... .......... .......... .......... 70% 75,5M 1s
 32300K .......... .......... .......... .......... .......... 70% 26,3M 1s
 32350K .......... .......... .......... .......... .......... 70% 50,7M 1s
 32400K .......... .......... .......... .......... .......... 70% 69,2M 1s
 32450K .......... .......... .......... .......... .......... 70% 29,6M 1s
 32500K .......... .......... .......... .......... .......... 70% 30,2M 1s
 32550K .......... .......... .......... .......... .......... 70% 27,5M 1s
 32600K .......... .......... .......... .......... .......... 70% 30,3M 1s
 32650K .......... .......... .......... .......... .......... 71% 90,2M 1s
 32700K .......... .......... .......... .......... .......... 71% 20,3M 1s
 32750K .......... .......... .......... .......... .......... 71% 31,2M 1s
 32800K .......... .......... .......... .......... .......... 71% 23,9M 1s
 32850K .......... .......... .......... .......... .......... 71% 19,3M 1s
 32900K .......... .......... .......... .......... .......... 71% 81,1M 1s
 32950K .......... .......... .......... .......... .......... 71% 39,4M 1s
 33000K .......... .......... .......... .......... .......... 71% 28,2M 1s
 33050K .......... .......... .......... .......... .......... 71% 78,7M 1s
 33100K .......... .......... .......... .......... .......... 71% 94,1M 1s
 33150K .......... .......... .......... .......... .......... 72% 22,0M 1s
 33200K .......... .......... .......... .......... .......... 72% 30,5M 1s
 33250K .......... .......... .......... .......... .......... 72% 32,2M 1s
 33300K .......... .......... .......... .......... .......... 72% 87,4M 1s
 33350K .......... .......... .......... .......... .......... 72% 86,6M 1s
 33400K .......... .......... .......... .......... .......... 72% 20,2M 1s
 33450K .......... .......... .......... .......... .......... 72% 20,9M 1s
 33500K .......... .......... .......... .......... .......... 72% 18,7M 1s
 33550K .......... .......... .......... .......... .......... 72% 21,8M 1s
 33600K .......... .......... .......... .......... .......... 73% 30,8M 1s
 33650K .......... .......... .......... .......... .......... 73% 34,1M 1s
 33700K .......... .......... .......... .......... .......... 73% 88,0M 1s
 33750K .......... .......... .......... .......... .......... 73% 45,3M 1s
 33800K .......... .......... .......... .......... .......... 73% 36,6M 1s
 33850K .......... .......... .......... .......... .......... 73% 34,3M 1s
 33900K .......... .......... .......... .......... .......... 73% 41,8M 1s
 33950K .......... .......... .......... .......... .......... 73% 36,4M 1s
 34000K .......... .......... .......... .......... .......... 73% 29,0M 1s
 34050K .......... .......... .......... .......... .......... 74% 98,1M 1s
 34100K .......... .......... .......... .......... .......... 74% 25,8M 1s
 34150K .......... .......... .......... .......... .......... 74% 45,7M 1s
 34200K .......... .......... .......... .......... .......... 74% 37,9M 1s
 34250K .......... .......... .......... .......... .......... 74% 23,2M 1s
 34300K .......... .......... .......... .......... .......... 74% 77,2M 1s
 34350K .......... .......... .......... .......... .......... 74% 18,2M 1s
 34400K .......... .......... .......... .......... .......... 74% 35,3M 1s
 34450K .......... .......... .......... .......... .......... 74% 32,2M 1s
 34500K .......... .......... .......... .......... .......... 75%  109M 1s
 34550K .......... .......... .......... .......... .......... 75% 56,9M 1s
 34600K .......... .......... .......... .......... .......... 75% 32,4M 1s
 34650K .......... .......... .......... .......... .......... 75% 21,0M 1s
 34700K .......... ..........[Wed Feb 26 12:25:47 2020]
 .......... .......Finished job 21.
... ....3 of 28 steps (11%) done

[Wed Feb 26 12:25:47 2020]
...... 75% 37,4Mrule jellyfish_count:
    input: data/sample1_1.fastq.gz, data/sample1_2.fastq.gz
    output: DEkupl_result/kmer_counts/sample1.jf
    log: DEkupl_result/Logs/sample1_jellyfishRawCounts_exec_time.log
    jobid: 25
    wildcards: sample=sample1
    threads: 10
    resources: ram=3000
 1s
 34750K ........
.. .......... .......... .......... .......... 75%  108M 1s
 34800K .......... .......... .......... .......... .......... 75% 32,2M 1s
 34850K .......... .......... .......... .......... .......... 75% 26,1M 1s
 34900K .......... .......... .......... .......... .......... 75% 33,9M 1s
 34950K .......... .......... .......... .......... .......... 76% 45,1M 1s
 35000K .......... .......... .......... .......... .......... 76% 95,4M 1s
 35050K .......... .......... .......... .......... .......... 76% 19,0M 1s
 35100K .......... .......... .......... .......... .......... 76% 16,0M 1s
 35150K .......... .......... .......... .......... .......... 76% 18,3M 1s
 35200K .......... .......... .......... .......... .......... 76% 98,8M 1s
 35250K .......... .......... .......... .......... .......... 76% 83,5M 1s
 35300K .......... .......... .......... .......... .......... 76% 30,8M 1s
 35350K .......... .......... .......... .......... .......... 76% 35,9M 1s
 35400K .......... .......... .......... .......... .......... 76% 31,4M 1s
 35450K .......... .......... .......... .......... .......... 77% 92,1M 1s
 35500K .......... .......... .......... .......... .......... 77% 25,5M 1s
 35550K .......... .......... .......... .......... .......... 77% 81,4M 1s
 35600K .......... .......... .......... .......... .......... 77% 48,1M 1s
 35650K .......... .......... .......... .......... .......... 77% 18,3M 1s
 35700K .......... .......... .......... .......... .......... 77% 70,2M 1s
 35750K .......... .......... .......... .......... .......... 77% 67,8M 1s
 35800K .......... .......... .......... .......... .......... 77% 65,8M 1s
 35850K .......... .......... .......... .......... .......... 77% 14,0M 1s
 35900K .......... .......... .......... .......... .......... 78% 99,9M 0s
 35950K .......... .......... .......... .......... .......... 78% 44,2M 0s
 36000K .......... .......... .......... .......... .......... 78% 42,9M 0s
 36050K .......... .......... .......... .......... .......... 78% 41,0M 0s
 36100K .......... .......... .......... .......... .......... 78% 54,1M 0s
 36150K .......... .......... .......... .......... .......... 78% 57,6M 0s
 36200K .......... .......... .......... .......... .......... 78% 24,6M 0s
 36250K .......... .......... .......... .......... .......... 78% 38,2M 0s
 36300K .......... .......... .......... .......... .......... 78% 30,9M 0s
 36350K .......... .......... .......... .......... .......... 79% 18,5M 0s
 36400K .......... .......... .......... .......... .......... 79% 61,6M 0s
 36450K .......... .......... .......... .......... .......... 79% 55,2M 0s
 36500K .......... .......... .......... .......... .......... 79% 42,7M 0s
 36550K .......... .......... .......... .......... .......... 79% 43,7M 0s
 36600K .......... .......... .......... .......... .......... 79% 93,5M 0s
 36650K .......... .......... .......... .......... .......... 79% 31,0M 0s
 36700K .......... .......... .......... .......... .......... 79% 32,1M 0s
 36750K .......... .......... .......... .......... .......... 79% 38,6M 0s
 36800K .......... .......... .......... .......... .......... 80% 23,9M 0s
 36850K .......... .......... .......... .......... .......... 80%  102M 0s
 36900K .......... .......... .......... .......... .......... 80% 27,7M 0s
 36950K .......... .......... .......... .......... .......... 80%  102M 0s
 37000K .......... .......... .......... .......... .......... 80% 23,4M 0s
 37050K .......... .......... .......... .......... .......... 80% 30,3M 0s
 37100K .......... .......... .......... .......... .......... 80% 62,4M 0s
 37150K .......... .......... .......... .......... .......... 80% 97,2M 0s
 37200K .......... .......... .......... .......... .......... 80% 70,9M 0s
 37250K .......... .......... .......... .......... .......... 80% 27,2M 0s
 37300K .......... .......... .......... .......... .......... 81% 65,9M 0s
 37350K .......... .......... .......... .......... .......... 81% 91,1M 0s
 37400K .......... .......... .......... .......... .......... 81% 24,9M 0s
 37450K .......... .......... .......... .......... .......... 81% 24,0M 0s
 37500K .......... .......... .......... .......... .......... 81% 29,3M 0s
 37550K .......... .......... .......... .......... .......... 81%  101M 0s
 37600K .......... .......... .......... .......... .......... 81% 41,8M 0s
 37650K .......... .......... .......... .......... .......... 81% 27,5M 0s
 37700K .......... .......... .......... .......... .......... 81% 89,7M 0s
 37750K .......... .......... .......... .......... .......... 82% 31,0M 0s
 37800K .......... .......... .......... .......... .......... 82% 83,3M 0s
 37850K .......... .......... .......... .......... .......... 82% 43,4M 0s
 37900K .......... .......... .......... .......... .......... 82% 28,0M 0s
 37950K .......... .......... .......... .......... .......... 82% 20,7M 0s
 38000K .......... .......... .......... .......... .......... 82% 93,7M 0s
 38050K .......... .......... .......... .......... .......... 82% 44,7M 0s
 38100K .......... .......... .......... .......... .......... 82% 47,0M 0s
 38150K .......... .......... .......... .......... .......... 82% 51,5M 0s
 38200K .......... .......... .......... .......... .......... 83% 44,4M 0s
 38250K .......... .......... .......... .......... .......... 83% 82,4M 0s
 38300K .......... .......... .......... .......... .......... 83% 31,7M 0s
 38350K .......... .......... .......... .......... .......... 83% 51,9M 0s
 38400K .......... .......... .......... .......... .......... 83% 42,1M 0s
 38450K .......... .......... .......... .......... .......... 83% 36,0M 0s
 38500K .......... .......... .......... .......... .......... 83% 64,1M 0s
 38550K .......... .......... .......... .......... .......... 83% 28,6M 0s
 38600K .......... .......... .......... .......... .......... 83% 42,2M 0s
 38650K .......... .......... .......... .......... .......... 84% 40,8M 0s
 38700K .......... .......... .......... .......... .......... 84% 60,5M 0s
 38750K .......... .......... .......... .......... .......... 84% 41,4M 0s
 38800K .......... .......... .......... .......... .......... 84%  105M 0s
 38850K .......... .......... .......... .......... .......... 84% 59,0M 0s
 38900K .......... .......... .......... .......... .......... 84% 35,1M 0s
 38950K .......... .......... .......... .......... .......... 84% 50,8M 0s
 39000K .......... .......... .......... .......... .......... 84% 48,3M 0s
 39050K .......... .......... .......... .......... .......... 84% 35,6M 0s
 39100K .......... .......... .......... .......... .......... 85% 30,0M 0s
 39150K .......... .......... .......... .......... .......... 85% 35,1M 0s
 39200K .......... .......... .......... .......... .......... 85% 61,5M 0s
 39250K .......... .......... .......... .......... .......... 85% 33,4M 0s
 39300K .......... .......... .......... .......... .......... 85% 40,6M 0s
 39350K .......... .......... .......... .......... .......... 85% 69,9M 0s
 39400K .......... .......... .......... .......... .......... 85% 96,1M 0s
 39450K .......... .......... .......... .......... .......... 85% 33,7M 0s
 39500K .......... .......... .......... .......... .......... 85% 46,5M 0s
 39550K .......... .......... .......... .......... .......... 85% 35,4M 0s
 39600K .......... .......... .......... .......... .......... 86% 31,7M 0s
 39650K .......... .......... .......... .......... .......... 86%  105M 0s
 39700K .......... .......... .......... .......... .......... 86% 51,4M 0s
 39750K .......... .......... .......... .......... .......... 86% 57,6M 0s
 39800K .......... .......... .......... .......... .......... 86% 33,9M 0s
 39850K .......... .......... .......... .......... .......... 86% 36,5M 0s
 39900K .......... .......... .......... .......... .......... 86% 98,6M 0s
 39950K .......... .......... .......... .......... .......... 86% 48,4M 0s
 40000K .......... .......... .......... .......... .......... 86% 75,9M 0s
 40050K .......... .......... .......... .......... .......... 87% 68,9M 0s
 40100K .......... .......... .......... .......... .......... 87% 71,4M 0s
 40150K .......... .......... .......... .......... .......... 87% 44,6M 0s
 40200K .......... .......... .......... .......... .......... 87% 37,7M 0s
 40250K .......... .......... .......... .......... .......... 87% 38,1M 0s
 40300K .......... .......... .......... .......... .......... 87% 24,3M 0s
 40350K .......... .......... .......... .......... .......... 87% 97,2M 0s
 40400K .......... .......... .......... .......... .......... 87% 42,4M 0s
 40450K .......... .......... .......... .......... .......... 87% 53,0M 0s
 40500K .......... .......... .......... .......... .......... 88% 96,6M 0s
 40550K .......... .......... .......... .......... .......... 88% 58,4M 0s
 40600K .......... .......... .......... .......... .......... 88% 92,9M 0s
 40650K .......... .......... .......... .......... .......... 88% 30,2M 0s
 40700K .......... .......... .......... .......... .......... 88% 35,3M 0s
 40750K .......... .......... .......... .......... .......... 88% 39,7M 0s
 40800K .......... .......... .......... .......... .......... 88% 62,0M 0s
 40850K .......... .......... .......... .......... .......... 88% 33,4M 0s
 40900K .......... .......... .......... .......... .......... 88% 33,4M 0s
 40950K .......... .......... .......... .......... .......... 89% 39,4M 0s
 41000K .......... .......... .......... .......... .......... 89% 34,5M 0s
 41050K .......... .......... .......... .......... .......... 89%  104M 0s
 41100K .......... .......... .......... .......... .......... 89% 60,7M 0s
 41150K .......... .......... .......... .......... .......... 89% 84,7M 0s
 41200K .......... .......... .......... .......... .......... 89% 57,2M 0s
 41250K .......... .......... .......... .......... .......... 89% 40,8M 0s
 41300K .......... .......... .......... .......... .......... 89% 78,8M 0s
 41350K .......... .......... .......... .......... .......... 89% 25,1M 0s
 41400K .......... .......... .......... .......... .......... 90% 50,4M 0s
 41450K .......... .......... .......... .......... .......... 90% 47,9M 0s
 41500K .......... .......... .......... .......... .......... 90% 90,6M 0s
 41550K .......... .......... .......... .......... .......... 90% 29,0M 0s
 41600K .......... .......... .......... .......... .......... 90% 39,3M 0s
 41650K .......... .......... .......... .......... .......... 90% 55,3M 0s
 41700K .......... .......... .......... .......... .......... 90% 83,3M 0s
 41750K .......... .......... .......... .......... .......... 90%  105M 0s
 41800K .......... .......... .......... .......... .......... 90% 30,6M 0s
 41850K .......... .......... .......... .......... .......... 90% 63,3M 0s
 41900K .......... .......... .......... .......... .......... 91% 34,0M 0s
 41950K .......... .......... .......... .......... .......... 91% 44,5M 0s
 42000K .......... .......... .......... .......... .......... 91% 77,4M 0s
 42050K .......... .......... .......... .......... .......... 91% 20,2M 0s
 42100K .......... .......... .......... .......... .......... 91% 37,9M 0s
 42150K .......... .......... .......... .......... .......... 91% 29,3M 0s
 42200K .......... .......... .......... .......... .......... 91%  108M 0s
 42250K .......... .......... .......... .......... .......... 91% 70,7M 0s
 42300K .......... .......... .......... .......... .......... 91% 80,2M 0s
 42350K .......... .......... .......... .......... .......... 92% 66,4M 0s
 42400K .......... .......... .......... .......... .......... 92% 34,7M 0s
 42450K .......... .......... .......... .......... .......... 92%  105M 0s
 42500K .......... .......... .......... .......... .......... 92% 37,7M 0s
 42550K .......... .......... .......... .......... .......... 92% 74,9M 0s
 42600K .......... .......... .......... .......... .......... 92% 23,0M 0s
 42650K .......... .......... .......... .......... .......... 92% 29,9M 0s
 42700K .......... .......... .......... .......... .......... 92% 85,2M 0s
 42750K .......... .......... .......... .......... .......... 92% 44,9M 0s
 42800K .......... .......... .......... .......... .......... 93% 26,8M 0s
 42850K .......... .......... .......... .......... .......... 93% 81,3M 0s
 42900K .......... .......... .......... .......... .......... 93% 89,6M 0s
 42950K .......... .......... .......... .......... .......... 93% 34,9M 0s
 43000K .......... .......... .......... .......... .......... 93% 58,9M 0s
 43050K .......... .......... .......... .......... .......... 93% 78,1M 0s
 43100K .......... .......... .......... .......... .......... 93% 37,1M 0s
 43150K .......... .......... .......... .......... .......... 93% 48,6M 0s
 43200K .......... .......... .......... .......... .......... 93% 46,7M 0s
 43250K .......... .......... .......... .......... .......... 94% 21,1M 0s
 43300K .......... .......... .......... .......... .......... 94% 96,2M 0s
 43350K .......... .......... .......... .......... .......... 94% 40,0M 0s
 43400K .......... .......... .......... .......... .......... 94% 79,4M 0s
 43450K .......... .......... .......... .......... .......... 94% 34,5M 0s
 43500K .......... .......... .......... .......... .......... 94% 54,2M 0s
 43550K .......... .......... .......... .......... .......... 94% 93,4M 0s
 43600K .......... .......... .......... .......... .......... 94%  116M 0s
 43650K .......... .......... .......... .......... .......... 94% 35,5M 0s
 43700K .......... .......... .......... .......... .......... 95% 59,3M 0s
 43750K .......... .......... .......... .......... .......... 95% 28,4M 0s
 43800K .......... .......... .......... .......... .......... 95% 60,3M 0s
 43850K .......... .......... .......... .......... .......... 95%  107M 0s
 43900K .......... .......... .......... .......... .......... 95% 20,1M 0s
 43950K .......... .......... .......... .......... .......... 95% 45,9M 0s
 44000K .......... .......... .......... .......... .......... 95% 27,5M 0s
 44050K .......... .......... .......... .......... .......... 95% 90,7M 0s
 44100K .......... .......... .......... .......... .......... 95% 75,7M 0s
 44150K .......... .......... .......... .......... .......... 95% 71,6M 0s
 44200K .......... .......... .......... .......... .......... 96% 64,2M 0s
 44250K .......... .......... .......... .......... .......... 96% 58,0M 0s
 44300K .......... .......... .......... .......... .......... 96% 86,2M 0s
 44350K .......... .......... .......... .......... .......... 96% 59,5M 0s
 44400K .......... .......... .......... .......... .......... 96% 32,1M 0s
 44450K .......... .......... .......... .......... .......... 96% 47,5M 0s
 44500K .......... .......... .......... .......... .......... 96% 53,6M 0s
 44550K .......... .......... .......... .......... .......... 96% 90,2M 0s
 44600K .......... .......... .......... .......... .......... 96% 38,7M 0s
 44650K .......... .......... .......... .......... .......... 97% 19,2M 0s
 44700K .......... .......... .......... .....[33mJob counts:
	count	jobs
	1	jellyfish_count
	1[0m
..... .......... 97% 30,9M 0s
 44750K .......... .......... .......... .......... .......... 97% 91,5M 0s
 44800K .......... .......... .......... .......... .......... 97% 81,8M 0s
 44850K .......... .......... .......... .......... .......... 97% 80,8M 0s
 44900K .......... .......... .......... .......... .......... 97% 44,5M 0s
 44950K .......... .......... .......... .......... .......... 97% 94,1M 0s
 45000K .......... .......... .......... .......... .......... 97% 98,7M 0s
 45050K .......... .......... .......... .......... .......... 97% 28,5M 0s
 45100K .......... .......... .......... .......... .......... 98% 58,3M 0s
 45150K .......... .......... .......... .......... .......... 98% 17,8M 0s
 45200K .......... .......... .......... .......... .......... 98% 77,4M 0s
 45250K .......... .......... .......... .......... .......... 98% 75,5M 0s
 45300K .......... .......... .......... .......... .......... 98% 34,3M 0s
 45350K .......... .......... .......... .......... .......... 98% 27,0M 0s
 45400K .......... .......... .......... .......... .......... 98% 54,3M 0s
 45450K .......... .......... .......... .......... .......... 98% 42,7M 0s
 45500K .......... .......... .......... .......... .......... 98% 51,3M 0s
 45550K .......... .......... .......... .......... .......... 99% 53,9M 0s
 45600K .......... .......... .......... .......... .......... 99% 53,0M 0s
 45650K .......... .......... .......... .......... .......... 99% 54,1M 0s
 45700K .......... .......... .......... .......... .......... 99% 56,1M 0s
 45750K .......... .......... .......... .......... .......... 99% 44,2M 0s
 45800K .......... .......... .......... .......... .......... 99% 38,6M 0s
 45850K .......... .......... .......... .......... .......... 99% 74,4M 0s
 45900K .......... .......... .......... .......... .......... 99% 25,5M 0s
 45950K .......... .......... .......... .......... .......... 99% 75,0M 0s
 46000K .......... .......... .......... .......... ......... 100% 33,4M=2,0s

2020-02-26 12:25:47 (22,5 MB/s) - « DEkupl_result/references/gencode.v24.transcripts.fa.gz » sauvegardé [47154586]

[Wed Feb 26 12:25:47 2020]
Finished job 17.
4 of 28 steps (14%) done

[Wed Feb 26 12:25:47 2020]
rule kallisto_index:
    input: DEkupl_result/references/gencode.v24.transcripts.fa.gz, /home/antoine.laine/miniconda3/envs/dekupl/share/dekupl/bin/kallisto
    output: DEkupl_result/references/gencode.v24.transcripts-kallisto.idx
    jobid: 24
    resources: ram=4000


[Wed Feb 26 12:25:47 2020]
rule transcript_to_gene_mapping:
    input: DEkupl_result/references/gencode.v24.transcripts.fa.gz
    output: DEkupl_result/references/transcript_to_gene_mapping.tsv
    jobid: 9


[build] loading fasta file DEkupl_result/references/gencode.v24.transcripts.fa.gz
[build] k-mer length: 31
[33mJob counts:
	count	jobs
	1	transcript_to_gene_mapping
	1[0m
[Wed Feb 26 12:25:48 2020]
Finished job 25.
5 of 28 steps (18%) done

[Wed Feb 26 12:25:48 2020]
rule ref_transcript_count:
    input: DEkupl_result/references/gencode.v24.transcripts.fa.gz
    output: DEkupl_result/references/gencode.v24.transcripts.fa.gz.jf
    jobid: 23
    threads: 10
    resources: ram=8000

[33mJob counts:
	count	jobs
	1	ref_transcript_count
	1[0m
[Wed Feb 26 12:25:50 2020]
Finished job 9.
6 of 28 steps (21%) done
[build] warning: clipped off poly-A tail (longer than 10)
        from 1540 target sequences
[build] warning: replaced 86 non-ACGUT characters in the input sequence
        with pseudorandom nucleotides
[build] counting k-mers ... [Wed Feb 26 12:26:30 2020]
Finished job 23.
7 of 28 steps (25%) done

[Wed Feb 26 12:26:30 2020]
rule ref_transcript_dump:
    input: DEkupl_result/references/gencode.v24.transcripts.fa.gz.jf
    output: DEkupl_result/references/gencode.v24.transcripts.tsv.gz
    log: DEkupl_result/Logs/jellyfishDumpRefTrancriptCounts_exec_time.log
    jobid: 11
    threads: 10
    resources: ram=3000

[33mJob counts:
	count	jobs
	1	ref_transcript_dump
	1[0m
done.
[build] building target de Bruijn graph ... Removing temporary output file DEkupl_result/references/gencode.v24.transcripts.fa.gz.jf.
[Wed Feb 26 12:33:05 2020]
Finished job 11.
8 of 28 steps (29%) done

[Wed Feb 26 12:33:05 2020]
rule jellyfish_dump:
    input: DEkupl_result/kmer_counts/sample1.jf
    output: DEkupl_result/kmer_counts/sample1.txt.gz
    log: DEkupl_result/Logs/sample1_jellyfishDumpRawCounts_exec_time.log
    jobid: 18
    wildcards: sample=sample1
    threads: 10
    resources: ram=3000

[33mJob counts:
	count	jobs
	1	jellyfish_dump
	1[0m
[Wed Feb 26 12:33:06 2020]
Finished job 18.
9 of 28 steps (32%) done

[Wed Feb 26 12:33:06 2020]
rule jellyfish_count:
    input: data/sample2_1.fastq.gz, data/sample2_2.fastq.gz
    output: DEkupl_result/kmer_counts/sample2.jf
    log: DEkupl_result/Logs/sample2_jellyfishRawCounts_exec_time.log
    jobid: 26
    wildcards: sample=sample2
    threads: 10
    resources: ram=3000

[33mJob counts:
	count	jobs
	1	jellyfish_count
	1[0m
[Wed Feb 26 12:33:07 2020]
Finished job 26.
10 of 28 steps (36%) done

[Wed Feb 26 12:33:07 2020]
rule jellyfish_dump:
    input: DEkupl_result/kmer_counts/sample2.jf
    output: DEkupl_result/kmer_counts/sample2.txt.gz
    log: DEkupl_result/Logs/sample2_jellyfishDumpRawCounts_exec_time.log
    jobid: 19
    wildcards: sample=sample2
    threads: 10
    resources: ram=3000

[33mJob counts:
	count	jobs
	1	jellyfish_dump
	1[0m
[Wed Feb 26 12:33:09 2020]
Finished job 19.
11 of 28 steps (39%) done

[Wed Feb 26 12:33:09 2020]
rule jellyfish_count:
    input: data/sample3_1.fastq.gz, data/sample3_2.fastq.gz
    output: DEkupl_result/kmer_counts/sample3.jf
    log: DEkupl_result/Logs/sample3_jellyfishRawCounts_exec_time.log
    jobid: 27
    wildcards: sample=sample3
    threads: 10
    resources: ram=3000

[33mJob counts:
	count	jobs
	1	jellyfish_count
	1[0m
[Wed Feb 26 12:33:10 2020]
Finished job 27.
12 of 28 steps (43%) done

[Wed Feb 26 12:33:10 2020]
rule jellyfish_dump:
    input: DEkupl_result/kmer_counts/sample3.jf
    output: DEkupl_result/kmer_counts/sample3.txt.gz
    log: DEkupl_result/Logs/sample3_jellyfishDumpRawCounts_exec_time.log
    jobid: 20
    wildcards: sample=sample3
    threads: 10
    resources: ram=3000

[33mJob counts:
	count	jobs
	1	jellyfish_dump
	1[0m
[Wed Feb 26 12:33:11 2020]
Finished job 20.
13 of 28 steps (46%) done

[Wed Feb 26 12:33:11 2020]
rule join_counts:
    input: DEkupl_result/kmer_counts/sample1.txt.gz, DEkupl_result/kmer_counts/sample2.txt.gz, DEkupl_result/kmer_counts/sample3.txt.gz, DEkupl_result/kmer_counts/sample4.txt.gz, /home/antoine.laine/miniconda3/envs/dekupl/share/dekupl/bin/joinCounts
    output: DEkupl_result/kmer_counts/raw-counts.tsv.gz
    log: DEkupl_result/Logs/joinRawCounts_exec_time.log
    jobid: 10

[33mJob counts:
	count	jobs
	1	join_counts
	1[0m
[Wed Feb 26 12:33:12 2020]
Finished job 10.
14 of 28 steps (50%) done

[Wed Feb 26 12:33:12 2020]
rule compute_normalization_factors:
    input: DEkupl_result/kmer_counts/raw-counts.tsv.gz, /home/antoine.laine/miniconda3/envs/dekupl/share/dekupl/bin/computeNF
    output: DEkupl_result/kmer_counts/normalization_factors.tsv
    log: DEkupl_result/Logs/compute_norm_factors.log
    jobid: 12


[Wed Feb 26 12:33:12 2020]
rule filter_transcript_counts:
    input: DEkupl_result/kmer_counts/raw-counts.tsv.gz, DEkupl_result/references/gencode.v24.transcripts.tsv.gz
    output: DEkupl_result/kmer_counts/masked-counts.tsv.gz
    log: DEkupl_result/Logs/filter_transcript_counts_exec_time.log
    jobid: 6

[Wed Feb 26 12:33:12 2020]
Finished job 12.
15 of 28 steps (54%) done

[Wed Feb 26 12:33:12 2020]
rule sample_conditions_full:
    input: DEkupl_result/metadata/sample_conditions.tsv, DEkupl_result/kmer_counts/normalization_factors.tsv
    output: DEkupl_result/metadata/sample_conditions_full.tsv
    jobid: 7

[Wed Feb 26 12:33:12 2020]
Finished job 7.
16 of 28 steps (57%) done
[33mJob counts:
	count	jobs
	1	filter_transcript_counts
	1[0m
 done 
[build] creating equivalence classes ...  done
[build] target de Bruijn graph has 1261049 contigs and contains 123898639 k-mers 

[Wed Feb 26 12:34:36 2020]
Finished job 24.
17 of 28 steps (61%) done

[Wed Feb 26 12:34:36 2020]
rule kallisto_quantif:
    input: data/sample3_1.fastq.gz, data/sample3_2.fastq.gz, DEkupl_result/references/gencode.v24.transcripts-kallisto.idx
    output: DEkupl_result/gene_expression/kallisto/sample3/abundance.h5, DEkupl_result/gene_expression/kallisto/sample3/abundance.tsv, DEkupl_result/gene_expression/kallisto/sample3/run_info.json
    log: DEkupl_result/Logs/sample3_kallisto.log
    jobid: 15
    wildcards: sample=sample3
    resources: ram=4000

[Wed Feb 26 12:34:36 2020]
rule kallisto_quantif:
    input: data/sample4_1.fastq.gz, data/sample4_2.fastq.gz, DEkupl_result/references/gencode.v24.transcripts-kallisto.idx
    output: DEkupl_result/gene_expression/kallisto/sample4/abundance.h5, DEkupl_result/gene_expression/kallisto/sample4/abundance.tsv, DEkupl_result/gene_expression/kallisto/sample4/run_info.json
    log: DEkupl_result/Logs/sample4_kallisto.log
    jobid: 16
    wildcards: sample=sample4
    resources: ram=4000

[Wed Feb 26 12:34:36 2020]
rule kallisto_quantif:
    input: data/sample2_1.fastq.gz, data/sample2_2.fastq.gz, DEkupl_result/references/gencode.v24.transcripts-kallisto.idx
    output: DEkupl_result/gene_expression/kallisto/sample2/abundance.h5, DEkupl_result/gene_expression/kallisto/sample2/abundance.tsv, DEkupl_result/gene_expression/kallisto/sample2/run_info.json
    log: DEkupl_result/Logs/sample2_kallisto.log
    jobid: 14
    wildcards: sample=sample2
    resources: ram=4000

[Wed Feb 26 12:34:36 2020]
rule kallisto_quantif:
    input: data/sample1_1.fastq.gz, data/sample1_2.fastq.gz, DEkupl_result/references/gencode.v24.transcripts-kallisto.idx
    output: DEkupl_result/gene_expression/kallisto/sample1/abundance.h5, DEkupl_result/gene_expression/kallisto/sample1/abundance.tsv, DEkupl_result/gene_expression/kallisto/sample1/run_info.json
    log: DEkupl_result/Logs/sample1_kallisto.log
    jobid: 13
    wildcards: sample=sample1
    resources: ram=4000

[33mJob counts:
	count	jobs
	1	kallisto_quantif
	1[0m
[33mJob counts:
	count	jobs
	1	kallisto_quantif
	1[0m
[33mJob counts:
	count	jobs
	1	kallisto_quantif
	1[0m
[33mJob counts:
	count	jobs
	1	kallisto_quantif
	1[0m
[Wed Feb 26 12:34:38 2020]
Finished job 6.
18 of 28 steps (64%) done
[Wed Feb 26 12:35:02 2020]
Finished job 13.
19 of 28 steps (68%) done
[Wed Feb 26 12:35:02 2020]
Finished job 16.
20 of 28 steps (71%) done
[Wed Feb 26 12:35:02 2020]
Finished job 15.
21 of 28 steps (75%) done
[Wed Feb 26 12:35:02 2020]
Finished job 14.
22 of 28 steps (79%) done

[Wed Feb 26 12:35:02 2020]
rule transcript_counts:
    input: DEkupl_result/gene_expression/kallisto/sample1/abundance.tsv, DEkupl_result/gene_expression/kallisto/sample2/abundance.tsv, DEkupl_result/gene_expression/kallisto/sample3/abundance.tsv, DEkupl_result/gene_expression/kallisto/sample4/abundance.tsv
    output: DEkupl_result/gene_expression/kallisto/transcript_counts.tsv.gz
    jobid: 8

[33mJob counts:
	count	jobs
	1	transcript_counts
	1[0m
[Wed Feb 26 12:35:08 2020]
Finished job 8.
23 of 28 steps (82%) done

[Wed Feb 26 12:35:08 2020]
rule gene_counts:
    input: DEkupl_result/gene_expression/kallisto/transcript_counts.tsv.gz, DEkupl_result/references/transcript_to_gene_mapping.tsv
    output: DEkupl_result/gene_expression/kallisto/gene_counts.tsv.gz
    jobid: 4

[33mJob counts:
	count	jobs
	1	gene_counts
	1[0m
[Wed Feb 26 12:35:10 2020]
Finished job 4.
24 of 28 steps (86%) done

[Wed Feb 26 12:35:10 2020]
rule test_diff_counts:
    input: DEkupl_result/kmer_counts/masked-counts.tsv.gz, DEkupl_result/metadata/sample_conditions_full.tsv, /home/antoine.laine/miniconda3/envs/dekupl/share/dekupl/bin/TtestFilter
    output: DEkupl_result/A_vs_B_kmer_counts/diff-counts.tsv.gz, DEkupl_result/A_vs_B_kmer_counts/raw_pvals.txt.gz
    log: DEkupl_result/Logs/test_diff_counts.logs
    jobid: 3
    threads: 16

Le chargement a nécessité le package : iterators
Le chargement a nécessité le package : parallel
Le chargement a nécessité le package : S4Vectors
Le chargement a nécessité le package : stats4
Le chargement a nécessité le package : BiocGenerics

Attachement du package : ‘BiocGenerics’

The following objects are masked from ‘package:parallel’:

    clusterApply, clusterApplyLB, clusterCall, clusterEvalQ,
    clusterExport, clusterMap, parApply, parCapply, parLapply,
    parLapplyLB, parRapply, parSapply, parSapplyLB

The following objects are masked from ‘package:stats’:

    IQR, mad, sd, var, xtabs

The following objects are masked from ‘package:base’:

    anyDuplicated, append, as.data.frame, basename, cbind, colMeans,
    colnames, colSums, dirname, do.call, duplicated, eval, evalq,
    Filter, Find, get, grep, grepl, intersect, is.unsorted, lapply,
    lengths, Map, mapply, match, mget, order, paste, pmax, pmax.int,
    pmin, pmin.int, Position, rank, rbind, Reduce, rowMeans, rownames,
    rowSums, sapply, setdiff, sort, table, tapply, union, unique,
    unsplit, which, which.max, which.min


Attachement du package : ‘S4Vectors’

The following objects are masked from ‘package:data.table’:

    first, second

The following object is masked from ‘package:base’:

    expand.grid

Le chargement a nécessité le package : IRanges

Attachement du package : ‘IRanges’

The following object is masked from ‘package:data.table’:

    shift

Le chargement a nécessité le package : GenomicRanges
Le chargement a nécessité le package : GenomeInfoDb
Le chargement a nécessité le package : SummarizedExperiment
Le chargement a nécessité le package : Biobase
Welcome to Bioconductor

    Vignettes contain introductory material; view with
    'browseVignettes()'. To cite Bioconductor, see
    'citation("Biobase")', and for packages 'citation("pkgname")'.

Le chargement a nécessité le package : DelayedArray
Le chargement a nécessité le package : matrixStats

Attachement du package : ‘matrixStats’

The following objects are masked from ‘package:Biobase’:

    anyMissing, rowMedians

Le chargement a nécessité le package : BiocParallel

Attachement du package : ‘DelayedArray’

The following objects are masked from ‘package:matrixStats’:

    colMaxs, colMins, colRanges, rowMaxs, rowMins, rowRanges

The following objects are masked from ‘package:base’:

    aperm, apply

[1] "2020-02-26 12:35:16 Start DESeq2_diff_methods"
[1] "2020-02-26 12:35:16 Shuffle and split done"
[1] "2020-02-26 12:35:16 Split done"
[1] "2020-02-26 12:35:16 Foreach of the 1 files"
-- note: fitType='parametric', but the dispersion trend was not well captured by the
   function: y = a/x + b, and a local regression fit was automatically substituted.
   specify fitType='local' or 'mean' to avoid this message next time.
[1] "2020-02-26 12:35:25 Foreach done"
[1] "2020-02-26 12:35:25 Pvalues merged into DEkupl_result/A_vs_B_kmer_counts/raw_pvals.txt.gz"
[1] "2020-02-26 12:35:25 DESeq2 results merged into /home/antoine.laine/Documents/dekupl-run/test_diff/dataDESeq2All.txt.gz"
[1] "2020-02-26 12:35:25 Pvalues are adjusted"
[1] "2020-02-26 12:35:25 Get counts for pvalues that passed the filter"
[1] "2020-02-26 12:35:25 Analysis done"
[Wed Feb 26 12:35:25 2020]
Finished job 3.
25 of 28 steps (89%) done

[Wed Feb 26 12:35:25 2020]
rule merge_tags:
    input: DEkupl_result/A_vs_B_kmer_counts/diff-counts.tsv.gz, /home/antoine.laine/miniconda3/envs/dekupl/share/dekupl/bin/mergeTags
    output: DEkupl_result/A_vs_B_kmer_counts/merged-diff-counts.tsv.gz
    log: DEkupl_result/Logs/merge_tags_exec_time.log
    jobid: 1

[Wed Feb 26 12:35:25 2020]
rule differential_gene_expression:
    input: DEkupl_result/gene_expression/kallisto/gene_counts.tsv.gz, DEkupl_result/metadata/sample_conditions.tsv
    output: DEkupl_result/gene_expression/AvsB-DEGs.tsv, DEkupl_result/gene_expression/normalized_counts.tsv
    log: DEkupl_result/Logs/DESeq2_diff_gene_exp.log
    jobid: 2

Le chargement a nécessité le package : S4Vectors
Le chargement a nécessité le package : stats4
[33mJob counts:
	count	jobs
	1	merge_tags
	1[0m
Le chargement a nécessité le package : BiocGenerics
Le chargement a nécessité le package : parallel

Attachement du package : ‘BiocGenerics’

The following objects are masked from ‘package:parallel’:

    clusterApply, clusterApplyLB, clusterCall, clusterEvalQ,
    clusterExport, clusterMap, parApply, parCapply, parLapply,
    parLapplyLB, parRapply, parSapply, parSapplyLB

The following objects are masked from ‘package:stats’:

    IQR, mad, sd, var, xtabs

The following objects are masked from ‘package:base’:

    anyDuplicated, append, as.data.frame, basename, cbind, colMeans,
    colnames, colSums, dirname, do.call, duplicated, eval, evalq,
    Filter, Find, get, grep, grepl, intersect, is.unsorted, lapply,
    lengths, Map, mapply, match, mget, order, paste, pmax, pmax.int,
    pmin, pmin.int, Position, rank, rbind, Reduce, rowMeans, rownames,
    rowSums, sapply, setdiff, sort, table, tapply, union, unique,
    unsplit, which, which.max, which.min


Attachement du package : ‘S4Vectors’

The following object is masked from ‘package:base’:

    expand.grid

Le chargement a nécessité le package : IRanges
Loading k-mers into memory
812 k-mers loaded
Assembling k-mers
Assembling 111 up regulated k-mers
Merging sequences with k = 30
Creating kmer-end indexes
Merging sequences
Add un-merged sequences
63 assemblies after merging
Merging sequences with k = 30
Creating kmer-end indexes
Merging sequences
Add un-merged sequences
35 assemblies after merging
Merging sequences with k = 30
Creating kmer-end indexes
Merging sequences
Add un-merged sequences
21 assemblies after merging
Merging sequences with k = 30
Creating kmer-end indexes
Merging sequences
Add un-merged sequences
12 assemblies after merging
Merging sequences with k = 30
Creating kmer-end indexes
Merging sequences
Add un-merged sequences
8 assemblies after merging
Merging sequences with k = 30
Creating kmer-end indexes
Merging sequences
Add un-merged sequences
5 assemblies after merging
Merging sequences with k = 30
Creating kmer-end indexes
Merging sequences
Add un-merged sequences
5 assemblies after merging
Merging sequences with k = 29
Creating kmer-end indexes
Merging sequences
Add un-merged sequences
5 assemblies after merging
Merging sequences with k = 28
Creating kmer-end indexes
Merging sequences
Add un-merged sequences
5 assemblies after merging
Merging sequences with k = 27
Creating kmer-end indexes
Merging sequences
Add un-merged sequences
5 assemblies after merging
Merging sequences with k = 26
Creating kmer-end indexes
Merging sequences
Add un-merged sequences
5 assemblies after merging
Merging sequences with k = 25
Creating kmer-end indexes
Merging sequences
Add un-merged sequences
5 assemblies after merging
Merging sequences with k = 24
Creating kmer-end indexes
Merging sequences
Add un-merged sequences
5 assemblies after merging
Merging sequences with k = 23
Creating kmer-end indexes
Merging sequences
Add un-merged sequences
5 assemblies after merging
Merging sequences with k = 22
Creating kmer-end indexes
Merging sequences
Add un-merged sequences
5 assemblies after merging
Merging sequences with k = 21
Creating kmer-end indexes
Merging sequences
Add un-merged sequences
5 assemblies after merging
Merging sequences with k = 20
Creating kmer-end indexes
Merging sequences
Add un-merged sequences
5 assemblies after merging
Merging sequences with k = 19
Creating kmer-end indexes
Merging sequences
Add un-merged sequences
4 assemblies after merging
Merging sequences with k = 19
Creating kmer-end indexes
Merging sequences
Add un-merged sequences
4 assemblies after merging
Merging sequences with k = 18
Creating kmer-end indexes
Merging sequences
Add un-merged sequences
4 assemblies after merging
Merging sequences with k = 17
Creating kmer-end indexes
Merging sequences
Add un-merged sequences
4 assemblies after merging
Merging sequences with k = 16
Creating kmer-end indexes
Merging sequences
Add un-merged sequences
4 assemblies after merging
Merging sequences with k = 15
Creating kmer-end indexes
Merging sequences
Add un-merged sequences
4 assemblies after merging
Assembling 701 down regulated k-mers
Merging sequences with k = 30
Creating kmer-end indexes
Merging sequences
Add un-merged sequences
404 assemblies after merging
Merging sequences with k = 30
Creating kmer-end indexes
Merging sequences
Add un-merged sequences
229 assemblies after merging
Merging sequences with k = 30
Creating kmer-end indexes
Merging sequences
Add un-merged sequences
135 assemblies after merging
Merging sequences with k = 30
Creating kmer-end indexes
Merging sequences
Add un-merged sequences
83 assemblies after merging
Merging sequences with k = 30
Creating kmer-end indexes
Merging sequences
Add un-merged sequences
53 assemblies after merging
Merging sequences with k = 30
Creating kmer-end indexes
Merging sequences
Add un-merged sequences
38 assemblies after merging
Merging sequences with k = 30
Creating kmer-end indexes
Merging sequences
Add un-merged sequences
32 assemblies after merging
Merging sequences with k = 30
Creating kmer-end indexes
Merging sequences
Add un-merged sequences
29 assemblies after merging
Merging sequences with k = 30
Creating kmer-end indexes
Merging sequences
Add un-merged sequences
29 assemblies after merging
Merging sequences with k = 29
Creating kmer-end indexes
Merging sequences
Add un-merged sequences
29 assemblies after merging
Merging sequences with k = 28
Creating kmer-end indexes
Merging sequences
Add un-merged sequences
29 assemblies after merging
Merging sequences with k = 27
Creating kmer-end indexes
Merging sequences
Add un-merged sequences
28 assemblies after merging
Merging sequences with k = 27
Creating kmer-end indexes
Merging sequences
Add un-merged sequences
28 assemblies after merging
Merging sequences with k = 26
Creating kmer-end indexes
Merging sequences
Add un-merged sequences
27 assemblies after merging
Merging sequences with k = 26
Creating kmer-end indexes
Merging sequences
Add un-merged sequences
26 assemblies after merging
Merging sequences with k = 26
Creating kmer-end indexes
Merging sequences
Add un-merged sequences
26 assemblies after merging
Merging sequences with k = 25
Creating kmer-end indexes
Merging sequences
Add un-merged sequences
24 assemblies after merging
Merging sequences with k = 25
Creating kmer-end indexes
Merging sequences
Add un-merged sequences
24 assemblies after merging
Merging sequences with k = 24
Creating kmer-end indexes
Merging sequences
Add un-merged sequences
24 assemblies after merging
Merging sequences with k = 23
Creating kmer-end indexes
Merging sequences
Add un-merged sequences
24 assemblies after merging
Merging sequences with k = 22
Creating kmer-end indexes
Merging sequences
Add un-merged sequences
23 assemblies after merging
Merging sequences with k = 22
Creating kmer-end indexes
Merging sequences
Add un-merged sequences
23 assemblies after merging
Merging sequences with k = 21
Creating kmer-end indexes
Merging sequences
Add un-merged sequences
22 assemblies after merging
Merging sequences with k = 21
Creating kmer-end indexes
Merging sequences
Add un-merged sequences
22 assemblies after merging
Merging sequences with k = 20
Creating kmer-end indexes
Merging sequences
Add un-merged sequences
22 assemblies after merging
Merging sequences with k = 19
Creating kmer-end indexes
Merging sequences
Add un-merged sequences
22 assemblies after merging
Merging sequences with k = 18
Creating kmer-end indexes
Merging sequences
Add un-merged sequences
22 assemblies after merging
Merging sequences with k = 17
Creating kmer-end indexes
Merging sequences
Add un-merged sequences
22 assemblies after merging
Merging sequences with k = 16
Creating kmer-end indexes
Merging sequences
Add un-merged sequences
22 assemblies after merging
Merging sequences with k = 15
Creating kmer-end indexes
Merging sequences
Add un-merged sequences
22 assemblies after merging
Merging up and down assemblies
[Wed Feb 26 12:35:27 2020]
Finished job 1.
26 of 28 steps (93%) done
Le chargement a nécessité le package : GenomicRanges
Le chargement a nécessité le package : GenomeInfoDb
Le chargement a nécessité le package : SummarizedExperiment
Le chargement a nécessité le package : Biobase
Welcome to Bioconductor

    Vignettes contain introductory material; view with
    'browseVignettes()'. To cite Bioconductor, see
    'citation("Biobase")', and for packages 'citation("pkgname")'.

Le chargement a nécessité le package : DelayedArray
Le chargement a nécessité le package : matrixStats

Attachement du package : ‘matrixStats’

The following objects are masked from ‘package:Biobase’:

    anyMissing, rowMedians

Le chargement a nécessité le package : BiocParallel

Attachement du package : ‘DelayedArray’

The following objects are masked from ‘package:matrixStats’:

    colMaxs, colMins, colRanges, rowMaxs, rowMins, rowRanges

The following objects are masked from ‘package:base’:

    aperm, apply

sample1
sample2
sample3
sample4
sample1
sample2
sample3
sample4
estimating size factors
estimating dispersions
gene-wise dispersion estimates
mean-dispersion relationship
final dispersion estimates
fitting model and testing
Intercept
condition_B_vs_A
[Wed Feb 26 12:35:44 2020]
Finished job 2.
27 of 28 steps (96%) done

[Wed Feb 26 12:35:44 2020]
localrule all:
    input: DEkupl_result/A_vs_B_kmer_counts/merged-diff-counts.tsv.gz, DEkupl_result/gene_expression/AvsB-DEGs.tsv
    jobid: 0

[Wed Feb 26 12:35:44 2020]
Finished job 0.
28 of 28 steps (100%) done
Complete log: /home/antoine.laine/Documents/dekupl-run/.snakemake/log/2020-02-26T122544.590658.snakemake.log
